Tue Jun  1 12:08:10 2004 mserver started interactively
Tue Jun  1 12:12:50 2004 mserver started interactively
Fri Aug 27 11:45:58 2004 [EBuilder] [odb.c:1213:db_open_database] removing client Logger, pid 10582, index 0 because the pid no longer exists
Fri Aug 27 11:45:58 2004 [EBuilder] Deleted /System/Clients/10582 entry for client Logger

Sat Sep  4 17:50:49 2004 [EBuilder] [odb.c:1213:db_open_database] removing client EBuilder, pid 5652, index 0 because the pid no longer exists
Sat Sep  4 17:50:49 2004 [EBuilder] Deleted /System/Clients/5652 entry for client EBuilder

Sat Sep 11 00:01:21 2004 [ODBEdit] [odb.c:1213:db_open_database] removing client mhttpd, pid 11718, index 2 because the pid no longer exists
Sat Sep 11 00:01:21 2004 [ODBEdit] [odb.c:1213:db_open_database] removing client Logger, pid 11734, index 3 because the pid no longer exists
Sat Sep 11 00:01:21 2004 [ODBEdit] [odb.c:1213:db_open_database] removing client EBuilder, pid 11736, index 4 because the pid no longer exists
Sat Sep 11 00:01:22 2004 /home/data/midas-cvs/linux/bin/mserver started interactively
Sat Sep 11 00:01:22 2004 /home/data/midas-cvs/linux/bin/mserver started interactively
Sat Sep 11 00:01:24 2004 /home/data/midas-cvs/linux/bin/mserver started interactively
Sat Sep 11 00:02:03 2004 [ODBEdit] [odb.c:1213:db_open_database] removing client Logger, pid 12487, index 2 because the pid no longer exists
Wed Sep 15 12:32:39 2004 [EBuilder] [odb.c:1213:db_open_database] removing client EBuilder, pid 26504, index 1 because the pid no longer exists
Wed Sep 15 12:32:39 2004 [EBuilder] Deleted /System/Clients/26504 entry for client EBuilder

Wed Sep 15 13:03:52 2004 [EBuilder] [odb.c:1213:db_open_database] removing client EBuilder, pid 26505, index 5 because the pid no longer exists
Wed Sep 15 13:03:52 2004 [EBuilder] Deleted /System/Clients/26505 entry for client EBuilder

Wed Sep 15 13:04:42 2004 /home/data/midas-cvs/linux/bin/mserver started interactively
Wed Sep 15 13:04:44 2004 /home/data/midas-cvs/linux/bin/mserver started interactively
Wed Sep 15 15:16:16 2004 [ODBEdit] [odb.c:1213:db_open_database] removing client mhttpd, pid 27069, index 0 because the pid no longer exists
Wed Sep 15 15:16:16 2004 [ODBEdit] [odb.c:1213:db_open_database] removing client Crate 5, pid 27085, index 3 because the pid no longer exists
Wed Sep 15 15:16:16 2004 [ODBEdit] [odb.c:1213:db_open_database] removing client EBuilder, pid 27087, index 4 because the pid no longer exists
Wed Sep 15 15:16:16 2004 [ODBEdit] [odb.c:1213:db_open_database] removing client mhttpd, pid 27069, index 0 because the pid no longer exists
Wed Sep 15 15:16:16 2004 [ODBEdit] [odb.c:1213:db_open_database] removing client Logger, pid 27073, index 1 because the pid no longer exists
Wed Sep 15 15:16:16 2004 [ODBEdit] [odb.c:1213:db_open_database] removing client Crate 3, pid 27079, index 2 because the pid no longer exists
Wed Sep 15 15:16:16 2004 [ODBEdit] [odb.c:1213:db_open_database] removing client Crate 5, pid 27085, index 3 because the pid no longer exists
Wed Sep 15 15:16:16 2004 [ODBEdit] [odb.c:1213:db_open_database] removing client EBuilder, pid 27087, index 4 because the pid no longer exists
Wed Sep 15 15:16:18 2004 /home/data/midas-cvs/linux/bin/mserver started interactively
Wed Sep 15 15:32:44 2004 [ODBEdit] [odb.c:1213:db_open_database] removing client Logger, pid 27565, index 2 because the pid no longer exists
Wed Sep 15 15:32:44 2004 [ODBEdit] [odb.c:1213:db_open_database] removing client Crate 3, pid 27571, index 3 because the pid no longer exists
Wed Sep 15 15:32:44 2004 [ODBEdit] [odb.c:1213:db_open_database] removing client Crate 5, pid 27577, index 4 because the pid no longer exists
Wed Sep 15 15:32:44 2004 /home/data/midas-cvs/linux/bin/mserver started interactively
Wed Sep 15 15:57:52 2004 [ODBEdit] [odb.c:1213:db_open_database] removing client mhttpd, pid 27925, index 0 because the pid no longer exists
Wed Sep 15 16:41:02 2004 [EBuilder] [odb.c:1213:db_open_database] removing client EBuilder, pid 28430, index 1 because the pid no longer exists
Wed Sep 15 16:44:48 2004 [ODBEdit] [odb.c:1213:db_open_database] removing client Logger, pid 28403, index 2 because the pid no longer exists
Wed Sep 15 16:44:48 2004 [ODBEdit] [odb.c:1213:db_open_database] removing client EBuilder, pid 28597, index 5 because the pid no longer exists
Wed Sep 15 16:44:48 2004 [ODBEdit] Deleted /System/Clients/28403 entry for client Logger

Wed Sep 15 16:44:48 2004 [ODBEdit] Deleted /System/Clients/28597 entry for client EBuilder

Wed Sep 15 16:45:12 2004 /home/data/midas-cvs/linux/bin/mserver started interactively
Wed Sep 15 16:45:14 2004 /home/data/midas-cvs/linux/bin/mserver started interactively
Wed Sep 15 18:57:59 2004 [EBuilder] [odb.c:1213:db_open_database] removing client EBuilder, pid 29099, index 1 because the pid no longer exists
Wed Sep 15 19:00:27 2004 [ODBEdit] [odb.c:1213:db_open_database] removing client mhttpd, pid 29097, index 0 because the pid no longer exists
Wed Sep 15 19:00:27 2004 [ODBEdit] [odb.c:1213:db_open_database] removing client Logger, pid 29288, index 1 because the pid no longer exists
Wed Sep 15 19:00:27 2004 [ODBEdit] [odb.c:1213:db_open_database] removing client EBuilder, pid 29286, index 2 because the pid no longer exists
Wed Sep 15 19:00:27 2004 [ODBEdit] [odb.c:1213:db_open_database] removing client Crate 5, pid 29300, index 4 because the pid no longer exists
Wed Sep 15 22:41:49 2004 [EBuilder] [odb.c:1213:db_open_database] removing client EBuilder, pid 31727, index 1 because the pid no longer exists
Wed Sep 15 23:00:28 2004 [EBuilder] [odb.c:1213:db_open_database] removing client EBuilder, pid 32564, index 0 because the pid no longer exists
Wed Sep 15 23:00:28 2004 [EBuilder] Deleted /System/Clients/32564 entry for client EBuilder

Wed Sep 15 23:57:37 2004 [ODBEdit] [odb.c:1213:db_open_database] removing client ODBEdit, pid 955, index 0 because the pid no longer exists
Wed Sep 15 23:57:37 2004 /home/data/midas-cvs/linux/bin/mserver started interactively
Wed Sep 15 23:57:38 2004 /home/data/midas-cvs/linux/bin/mserver started interactively
Thu Sep 16 00:00:32 2004 /home/data/midas-cvs/linux/bin/mserver started interactively
Thu Sep 16 00:03:57 2004 [ODBEdit] [odb.c:1213:db_open_database] removing client EBuilder, pid 2075, index 1 because the pid no longer exists
Thu Sep 16 00:03:57 2004 [ODBEdit] [odb.c:1213:db_open_database] removing client Logger, pid 2077, index 2 because the pid no longer exists
Thu Sep 16 00:03:57 2004 [ODBEdit] [odb.c:1213:db_open_database] removing client Crate 3, pid 2083, index 3 because the pid no longer exists
Thu Sep 16 00:03:57 2004 [ODBEdit] [odb.c:1213:db_open_database] removing client Crate 5, pid 2090, index 4 because the pid no longer exists
Thu Sep 16 00:03:58 2004 [ODBEdit] [odb.c:1213:db_open_database] removing client mhttpd, pid 1808, index 0 because the pid no longer exists
Thu Sep 16 00:03:58 2004 /home/data/midas-cvs/linux/bin/mserver started interactively
Thu Sep 16 00:04:50 2004 [ODBEdit] [odb.c:1213:db_open_database] removing client mhttpd, pid 2390, index 0 because the pid no longer exists
Thu Sep 16 00:04:51 2004 /home/data/midas-cvs/linux/bin/mserver started interactively
Thu Sep 16 00:04:53 2004 /home/data/midas-cvs/linux/bin/mserver started interactively
Sat Sep 25 12:11:50 2004 [ODBEdit] [odb.c:1213:db_open_database] removing client Crate 4, pid 28524, index 5 because the pid no longer exists
Sat Sep 25 12:11:50 2004 [ODBEdit] [odb.c:1213:db_open_database] removing client Crate 5, pid 28530, index 6 because the pid no longer exists
Sat Sep 25 12:11:51 2004 /mnt/home-fe/data/midas-cvs/linux64/bin/mserver started interactively
Sat Sep 25 12:11:54 2004 /mnt/home-fe/data/midas-cvs/linux64/bin/mserver started interactively
Sat Sep 25 12:19:24 2004 [ODBEdit] [odb.c:1213:db_open_database] removing client Crate 1, pid 29222, index 3 because the pid no longer exists
Sat Oct  2 19:26:26 2004 /mnt/home-fe/data/midas-cvs/linux64/bin/mserver started interactively
Tue Jun 21 04:10:07 2005 Program  on host cheetah stopped
Tue Jun 21 04:10:14 2005 Program  on host cheetah stopped
Thu Aug 25 17:20:02 2005 Program  on host cheetah stopped
Thu Aug 25 17:25:36 2005 Program  on host cheetah stopped
Fri Aug 26 12:21:41 2005 [ODBEdit] [odb.c:1264:db_open_database] removing client Ebuilder, pid 5612, index 1 because the pid no longer exists
Fri Aug 26 12:21:41 2005 [ODBEdit] Deleted /System/Clients/5612 entry for client Ebuilder

Fri Aug 26 12:33:28 2005 [Ebuilder] [odb.c:1264:db_open_database] removing client Ebuilder, pid 5775, index 4 because the pid no longer exists
Fri Aug 26 12:33:28 2005 [Ebuilder] Deleted /System/Clients/5775 entry for client Ebuilder

Fri Aug 26 14:15:11 2005 [ODBEdit] [odb.c:1264:db_open_database] removing client Ebuilder, pid 6841, index 4 because the pid no longer exists
Fri Aug 26 14:15:11 2005 [ODBEdit] Deleted /System/Clients/6841 entry for client Ebuilder

Fri Aug 26 14:19:36 2005 [ODBEdit] [odb.c:1264:db_open_database] removing client Ebuilder, pid 6928, index 4 because the pid no longer exists
Fri Aug 26 14:29:07 2005 [Ebuilder] [odb.c:1264:db_open_database] removing client Ebuilder, pid 6975, index 4 because the pid no longer exists
Fri Aug 26 14:29:07 2005 [Ebuilder] Deleted /System/Clients/6975 entry for client Ebuilder

Fri Aug 26 14:29:26 2005 [Ebuilder] [odb.c:1264:db_open_database] removing client Ebuilder, pid 7057, index 5 because the pid no longer exists
Fri Aug 26 14:29:26 2005 [Ebuilder] Deleted /System/Clients/7057 entry for client Ebuilder

Fri Aug 26 15:41:39 2005 Program  on host cheetah stopped
Fri Aug 26 15:44:35 2005 [ODBEdit] [odb.c:1264:db_open_database] removing client Ebuilder, pid 7891, index 4 because the pid no longer exists
Fri Aug 26 16:39:13 2005 [ODBEdit] [odb.c:1264:db_open_database] removing client mhttpd, pid 11880, index 0 because the pid no longer exists
Fri Aug 26 16:42:03 2005 [ODBEdit] [odb.c:1264:db_open_database] removing client Ebuilder, pid 9235, index 4 because the pid no longer exists
Fri Aug 26 16:42:39 2005 [ODBEdit] [system.c:567:ss_shm_open] Shared memory segment with key 0x4d0244ab already exists, please remove it manually: ipcrm -M 0x4d0244ab
Fri Aug 26 16:42:39 2005 [ODBEdit] [midas.c:2507:cm_connect_experiment1] cannot open database
Fri Aug 26 16:42:40 2005 [ODBEdit] [system.c:567:ss_shm_open] Shared memory segment with key 0x4d0244ab already exists, please remove it manually: ipcrm -M 0x4d0244ab
Fri Aug 26 16:42:40 2005 [ODBEdit] [midas.c:2507:cm_connect_experiment1] cannot open database
Fri Aug 26 16:42:41 2005 [ODBEdit] [system.c:567:ss_shm_open] Shared memory segment with key 0x4d0244ab already exists, please remove it manually: ipcrm -M 0x4d0244ab
Fri Aug 26 16:42:41 2005 [ODBEdit] [midas.c:2507:cm_connect_experiment1] cannot open database
Fri Aug 26 16:42:49 2005 [ODBEdit] [system.c:567:ss_shm_open] Shared memory segment with key 0x4d0244ab already exists, please remove it manually: ipcrm -M 0x4d0244ab
Fri Aug 26 16:42:49 2005 [ODBEdit] [midas.c:2507:cm_connect_experiment1] cannot open database
Fri Aug 26 16:42:50 2005 [ODBEdit] [odb.c:1264:db_open_database] removing client mhttpd, pid 9210, index 0 because the pid no longer exists
Fri Aug 26 16:42:50 2005 [ODBEdit] [odb.c:1264:db_open_database] removing client Crate 1, pid 9217, index 1 because the pid no longer exists
Fri Aug 26 16:45:09 2005 Program  on host cheetah stopped
Fri Aug 26 16:46:21 2005 [ODBEdit] [odb.c:1264:db_open_database] removing client mhttpd, pid 10175, index 0 because the pid no longer exists
Fri Aug 26 16:46:21 2005 [ODBEdit] [odb.c:1264:db_open_database] removing client Crate 1, pid 10194, index 1 because the pid no longer exists
Fri Aug 26 16:46:21 2005 [ODBEdit] [odb.c:1264:db_open_database] removing client Crate 3, pid 10200, index 2 because the pid no longer exists
Fri Aug 26 16:46:21 2005 [ODBEdit] [odb.c:1264:db_open_database] removing client Crate 5, pid 10206, index 3 because the pid no longer exists
Fri Aug 26 16:46:22 2005 [ODBEdit] [odb.c:1264:db_open_database] removing client mhttpd, pid 10175, index 0 because the pid no longer exists
Fri Aug 26 16:46:22 2005 [ODBEdit] [odb.c:1264:db_open_database] removing client Crate 1, pid 10194, index 1 because the pid no longer exists
Fri Aug 26 16:46:22 2005 [ODBEdit] [odb.c:1264:db_open_database] removing client Crate 3, pid 10200, index 2 because the pid no longer exists
Fri Aug 26 16:46:22 2005 [ODBEdit] [odb.c:1264:db_open_database] removing client Crate 5, pid 10206, index 3 because the pid no longer exists
Fri Aug 26 16:55:06 2005 [ODBEdit] [odb.c:1264:db_open_database] removing client mhttpd, pid 11371, index 0 because the pid no longer exists
Fri Aug 26 16:55:06 2005 [ODBEdit] [odb.c:1264:db_open_database] removing client Crate 1, pid 11380, index 1 because the pid no longer exists
Fri Aug 26 16:55:06 2005 [ODBEdit] [odb.c:1264:db_open_database] removing client Crate 3, pid 11386, index 2 because the pid no longer exists
Fri Aug 26 16:55:06 2005 [ODBEdit] [odb.c:1264:db_open_database] removing client Crate 5, pid 11392, index 3 because the pid no longer exists
Fri Aug 26 16:55:10 2005 [ODBEdit] [odb.c:1264:db_open_database] removing client ODBEdit, pid 11887, index 0 because the pid no longer exists
Fri Aug 26 16:55:25 2005 [ODBEdit] [odb.c:1611:db_lock_database] cannot lock database, ss_mutex_wait_for() status 408, aborting...
Fri Aug 26 16:55:52 2005 [ODBEdit] [odb.c:1264:db_open_database] removing client ODBEdit, pid 13177, index 0 because the pid no longer exists
Fri Aug 26 17:37:31 2005 Program  on host cheetah stopped
Fri Aug 26 17:39:31 2005 [Ebuilder] [odb.c:1264:db_open_database] removing client Ebuilder, pid 15994, index 4 because the pid no longer exists
Fri Aug 26 17:39:31 2005 [Ebuilder] Deleted /System/Clients/15994 entry for client Ebuilder

Sat Aug 27 00:20:25 2005 [Ebuilder] [odb.c:1264:db_open_database] removing client Ebuilder, pid 20013, index 4 because the pid no longer exists
Sat Aug 27 00:20:25 2005 [Ebuilder] Deleted /System/Clients/20013 entry for client Ebuilder

Sat Aug 27 00:22:10 2005 Program  on host cheetah stopped
Sat Aug 27 00:22:16 2005 [Ebuilder] [odb.c:1264:db_open_database] removing client Ebuilder, pid 20034, index 5 because the pid no longer exists
Sat Aug 27 00:22:16 2005 [Ebuilder] Deleted /System/Clients/20034 entry for client Ebuilder

Sat Aug 27 00:24:26 2005 [ODBEdit] [odb.c:1264:db_open_database] removing client Ebuilder, pid 20060, index 4 because the pid no longer exists
Sat Aug 27 10:47:40 2005 Program  on host cheetah stopped
Sat Aug 27 10:52:05 2005 [Ebuilder] [odb.c:1264:db_open_database] removing client Ebuilder, pid 25762, index 4 because the pid no longer exists
Sat Aug 27 10:52:05 2005 [Ebuilder] Deleted /System/Clients/25762 entry for client Ebuilder

Sat Aug 27 10:54:00 2005 [Ebuilder] [odb.c:1264:db_open_database] removing client Ebuilder, pid 25806, index 5 because the pid no longer exists
Sat Aug 27 10:54:00 2005 [Ebuilder] Deleted /System/Clients/25806 entry for client Ebuilder

Sat Aug 27 10:59:28 2005 [ODBEdit] [odb.c:1264:db_open_database] removing client Ebuilder, pid 25851, index 4 because the pid no longer exists
Sat Aug 27 10:59:28 2005 [ODBEdit] Deleted /System/Clients/25851 entry for client Ebuilder

Sat Aug 27 11:31:02 2005 [ODBEdit] [odb.c:1264:db_open_database] removing client ODBEdit, pid 26242, index 5 because the pid no longer exists
Sat Aug 27 11:31:02 2005 [ODBEdit] Deleted /System/Clients/26242 entry for client ODBEdit

Sat Aug 27 11:54:16 2005 [ODBEdit] [odb.c:1264:db_open_database] removing client mhttpd, pid 15504, index 0 because the pid no longer exists
Sat Aug 27 11:54:16 2005 [ODBEdit] [odb.c:1264:db_open_database] removing client Crate 1, pid 25745, index 1 because the pid no longer exists
Sat Aug 27 11:54:16 2005 [ODBEdit] [odb.c:1264:db_open_database] removing client Crate 3, pid 25751, index 2 because the pid no longer exists
Sat Aug 27 11:54:16 2005 [ODBEdit] [odb.c:1264:db_open_database] removing client Crate 5, pid 25757, index 3 because the pid no longer exists
Sat Aug 27 11:54:16 2005 [ODBEdit] [odb.c:1264:db_open_database] removing client Ebuilder, pid 26314, index 5 because the pid no longer exists
Sat Aug 27 11:54:16 2005 [ODBEdit] [odb.c:1264:db_open_database] removing client Lazy_devnull, pid 26796, index 6 because the pid no longer exists
Sat Aug 27 11:54:16 2005 [ODBEdit] [odb.c:1264:db_open_database] removing client Logger, pid 26800, index 7 because the pid no longer exists
Sat Aug 27 13:11:51 2005 [Ebuilder] [odb.c:1264:db_open_database] removing client Ebuilder, pid 28053, index 6 because the pid no longer exists
Sat Aug 27 13:11:51 2005 [Ebuilder] Deleted /System/Clients/28053 entry for client Ebuilder

Sat Aug 27 16:20:17 2005 [ODBEdit] [odb.c:1264:db_open_database] removing client Ebuilder, pid 28058, index 7 because the pid no longer exists
Sat Aug 27 16:20:28 2005 [ODBEdit] [odb.c:1264:db_open_database] removing client Crate 1, pid 27976, index 1 because the pid no longer exists
Sat Aug 27 16:20:28 2005 [ODBEdit] [odb.c:1264:db_open_database] removing client Crate 3, pid 27983, index 2 because the pid no longer exists
Sat Aug 27 16:20:28 2005 [ODBEdit] [odb.c:1264:db_open_database] removing client Crate 5, pid 27989, index 3 because the pid no longer exists
Sat Aug 27 16:20:33 2005 [ODBEdit] [odb.c:1264:db_open_database] removing client mhttpd, pid 27198, index 0 because the pid no longer exists
Sat Aug 27 16:20:33 2005 [ODBEdit] [odb.c:1264:db_open_database] removing client Lazy_devnull, pid 27992, index 4 because the pid no longer exists
Sat Aug 27 19:11:38 2005 Program  on host cheetah stopped
Sat Aug 27 19:15:56 2005 Program  on host cheetah stopped
Sun Aug 28 12:11:28 2005 [ODBEdit] [odb.c:1264:db_open_database] removing client Ebuilder, pid 7843, index 2 because the pid no longer exists
Sun Aug 28 21:23:38 2005 [ODBEdit] [odb.c:1264:db_open_database] removing client mhttpd, pid 7752, index 0 because the pid no longer exists
Sun Aug 28 21:33:28 2005 [ODBEdit] [odb.c:1264:db_open_database] removing client mhttpd, pid 14407, index 0 because the pid no longer exists
Sun Aug 28 22:43:17 2005 [ODBEdit] [odb.c:1264:db_open_database] removing client mhttpd, pid 16035, index 0 because the pid no longer exists
Mon Aug 29 00:25:29 2005 [Logger] [odb.c:1264:db_open_database] removing client Ebuilder, pid 18143, index 5 because the pid no longer exists
Mon Aug 29 00:25:29 2005 [Logger] Deleted /System/Clients/18143 entry for client Ebuilder

Mon Aug 29 00:25:41 2005 [Ebuilder] [odb.c:1264:db_open_database] removing client Ebuilder, pid 18625, index 5 because the pid no longer exists
Mon Aug 29 00:25:41 2005 [Ebuilder] Deleted /System/Clients/18625 entry for client Ebuilder

Mon Aug 29 00:27:12 2005 [ODBEdit] [odb.c:1264:db_open_database] removing client Ebuilder, pid 18678, index 2 because the pid no longer exists
Mon Aug 29 00:28:39 2005 [ODBEdit] [odb.c:1264:db_open_database] removing client Ebuilder, pid 18770, index 1 because the pid no longer exists
Tue Aug 30 17:15:28 2005 [ODBEdit] [odb.c:1264:db_open_database] removing client Ebuilder, pid 13499, index 1 because the pid no longer exists
Wed Aug 31 11:21:44 2005 [ODBEdit] [odb.c:1264:db_open_database] removing client Ebuilder, pid 25507, index 1 because the pid no longer exists
Wed Aug 31 11:22:12 2005 [Ebuilder] [odb.c:1264:db_open_database] removing client Ebuilder, pid 25688, index 1 because the pid no longer exists
Wed Aug 31 11:22:12 2005 [Ebuilder] Deleted /System/Clients/25688 entry for client Ebuilder

Wed Aug 31 11:23:04 2005 [ODBEdit] [odb.c:1264:db_open_database] removing client Ebuilder, pid 25690, index 8 because the pid no longer exists
Wed Aug 31 11:24:04 2005 [ODBEdit] [odb.c:1264:db_open_database] removing client Analyzer, pid 24634, index 2 because the pid no longer exists
Wed Aug 31 11:24:04 2005 [ODBEdit] [odb.c:1264:db_open_database] removing client Lazy_devnull, pid 18958, index 7 because the pid no longer exists
Wed Aug 31 11:32:29 2005 [ODBEdit] [odb.c:1264:db_open_database] removing client Ebuilder, pid 26550, index 1 because the pid no longer exists
Sun Oct 30 16:55:50 2005 [ODBEdit] [odb.c:1264:db_open_database] removing client ODBEdit, pid 6281, index 0 because the pid no longer exists
Sun Oct 30 16:55:55 2005 [ODBEdit] [odb.c:1264:db_open_database] removing client ODBEdit, pid 6668, index 0 because the pid no longer exists
Sun Oct 30 16:56:04 2005 [ODBEdit] [odb.c:1264:db_open_database] removing client ODBEdit, pid 6693, index 1 because the pid no longer exists
Sun Oct 30 16:56:04 2005 [ODBEdit] [odb.c:1264:db_open_database] removing client ODBEdit, pid 6913, index 0 because the pid no longer exists
Sun Oct 30 16:56:05 2005 [ODBEdit] [odb.c:1264:db_open_database] removing client ODBEdit, pid 7025, index 0 because the pid no longer exists
Sun Oct 30 16:56:08 2005 [ODBEdit] [odb.c:1264:db_open_database] removing client ODBEdit1, pid 7061, index 0 because the pid no longer exists
Sun Oct 30 16:56:08 2005 [ODBEdit] [odb.c:1264:db_open_database] removing client ODBEdit, pid 7051, index 1 because the pid no longer exists
Sun Oct 30 16:56:10 2005 [mhttpd] Deleted /System/Clients/7061 entry for client ODBEdit1

Wed Dec 21 08:23:10 2005 [ODBEdit] [odb.c:1264:db_open_database] removing client Ebuilder, pid 16848, index 1 because the pid no longer exists
Wed Dec 21 08:23:10 2005 [ODBEdit] [odb.c:1264:db_open_database] removing client Crate 8, pid 16890, index 3 because the pid no longer exists
Wed Dec 21 08:23:10 2005 [ODBEdit] Deleted /System/Clients/16848 entry for client Ebuilder

Wed Dec 21 08:23:25 2005 [ODBEdit] Deleted /System/Clients/16890 entry for client Crate 8

Wed May 28 01:19:55 2008 Program  on host be01 stopped
Mon Jun  7 14:01:34 2010 Program  on host daq01 stopped
Wed Jul 28 15:02:42 2010 [Ebuilder] [odb.c:1264:db_open_database] removing client Ebuilder, pid 12319, index 1 because the pid no longer exists
Wed Jul 28 15:02:42 2010 [Ebuilder] Deleted /System/Clients/12319 entry for client Ebuilder

Tue Aug 13 18:32:14 2013 Program  on host abner stopped
Wed Aug 14 10:46:16 2013 [Ebuilder] [odb.c:1264:db_open_database] removing client Ebuilder, pid 14164, index 1 because the pid no longer exists
Wed Aug 14 10:46:16 2013 [Ebuilder] Deleted /System/Clients/14164 entry for client Ebuilder

Wed Aug 14 10:46:19 2013 [Ebuilder] [odb.c:1264:db_open_database] removing client Ebuilder, pid 14165, index 2 because the pid no longer exists
Wed Aug 14 10:46:19 2013 [Ebuilder] Deleted /System/Clients/14165 entry for client Ebuilder

Wed Aug 14 10:46:19 2013 [Ebuilder] [odb.c:1264:db_open_database] removing client Ebuilder, pid 14166, index 1 because the pid no longer exists
Wed Aug 14 10:46:19 2013 [Ebuilder] Deleted /System/Clients/14166 entry for client Ebuilder

Wed Aug 14 10:46:20 2013 [Ebuilder] [odb.c:1264:db_open_database] removing client Ebuilder, pid 14167, index 2 because the pid no longer exists
Wed Aug 14 10:46:20 2013 [Ebuilder] Deleted /System/Clients/14167 entry for client Ebuilder

Wed Aug 14 10:46:21 2013 [Ebuilder] [odb.c:1264:db_open_database] removing client Ebuilder, pid 14168, index 1 because the pid no longer exists
Wed Aug 14 10:46:21 2013 [Ebuilder] Deleted /System/Clients/14168 entry for client Ebuilder

Wed Aug 14 10:46:22 2013 [Ebuilder] [odb.c:1264:db_open_database] removing client Ebuilder, pid 14169, index 2 because the pid no longer exists
Wed Aug 14 10:46:22 2013 [Ebuilder] Deleted /System/Clients/14169 entry for client Ebuilder

Wed Aug 14 10:46:23 2013 [Ebuilder] [odb.c:1264:db_open_database] removing client Ebuilder, pid 14170, index 1 because the pid no longer exists
Wed Aug 14 10:46:23 2013 [Ebuilder] Deleted /System/Clients/14170 entry for client Ebuilder

Wed Aug 14 10:46:33 2013 [Ebuilder] [odb.c:1264:db_open_database] removing client Ebuilder, pid 14171, index 2 because the pid no longer exists
Wed Aug 14 10:46:33 2013 [Ebuilder] Deleted /System/Clients/14171 entry for client Ebuilder

Wed Aug 14 10:46:47 2013 [Ebuilder] [odb.c:1264:db_open_database] removing client Ebuilder, pid 14173, index 1 because the pid no longer exists
Wed Aug 14 10:46:47 2013 [Ebuilder] Deleted /System/Clients/14173 entry for client Ebuilder

