Mon May 22 15:39:33 2006 [mucap_compress] Deleted /System/Clients/4066 entry for client Crate 1

Mon May 22 15:39:33 2006 [mucap_compress] Deleted /System/Clients/4097 entry for client Crate 8

Mon May 22 15:39:33 2006 [mucap_compress] Deleted /System/Clients/4121 entry for client Chamber HV Frontend

Mon May 22 15:39:33 2006 [mucap_compress] Deleted /System/Clients/4133 entry for client Lazy_lto_robot

Mon May 22 15:39:33 2006 [mucap_compress] Deleted /System/Clients/1 entry for client Analyzer

Mon May 22 15:39:43 2006 [ODBEdit] [odb.c:1264:db_open_database] removing client mucap_compress, pid 21290, index 0 because the pid no longer exists
Mon May 22 15:39:43 2006 [ODBEdit] Deleted /System/Clients/4085 entry for client Crate 6

Mon May 22 15:39:43 2006 [ODBEdit] Deleted /System/Clients/4129 entry for client Lazy_lion

Mon May 22 15:39:43 2006 [ODBEdit] Deleted /System/Clients/21290 entry for client mucap_compress

Mon May 22 15:41:02 2006 [mucap_compress] Deleted /System/Clients/4109 entry for client Beamline Frontend

Mon May 22 15:41:31 2006 [ODBEdit] [odb.c:1264:db_open_database] removing client mucap_compress, pid 21324, index 0 because the pid no longer exists
Mon May 22 15:41:31 2006 [ODBEdit] Deleted /System/Clients/4816 entry for client Crate 9

Mon May 22 15:43:48 2006 [mucap_compress] Deleted /System/Clients/21324 entry for client mucap_compress

Mon May 22 15:44:47 2006 [ODBEdit] [odb.c:1264:db_open_database] removing client mucap_compress, pid 21348, index 0 because the pid no longer exists
Mon May 22 15:44:47 2006 [ODBEdit] Deleted /System/Clients/21348 entry for client mucap_compress

Mon May 22 15:47:40 2006 [Compression] [odb.c:1264:db_open_database] removing client Compression, pid 21380, index 0 because the pid no longer exists
Mon May 22 15:47:40 2006 [Compression] Deleted /System/Clients/21380 entry for client Compression

Mon May 22 15:48:31 2006 [Compression] [odb.c:1264:db_open_database] removing client Compression, pid 21384, index 1 because the pid no longer exists
Mon May 22 15:48:31 2006 [Compression] Deleted /System/Clients/21384 entry for client Compression

Mon May 22 15:54:52 2006 [Compression] [odb.c:1264:db_open_database] removing client Compression, pid 21417, index 0 because the pid no longer exists
Mon May 22 15:54:52 2006 [Compression] Deleted /System/Clients/21417 entry for client Compression

Mon May 22 15:56:09 2006 [Compression] [odb.c:1264:db_open_database] removing client Compression, pid 21490, index 1 because the pid no longer exists
Mon May 22 15:56:09 2006 [Compression] Deleted /System/Clients/21490 entry for client Compression

Mon May 22 15:57:14 2006 [mucap_compress] [odb.c:1264:db_open_database] removing client Compression, pid 21521, index 0 because the pid no longer exists
Mon May 22 15:57:14 2006 [mucap_compress] Deleted /System/Clients/21521 entry for client Compression

Mon May 22 16:03:36 2006 [Compression] [odb.c:1264:db_open_database] removing client mucap_compress, pid 21535, index 1 because the pid no longer exists
Mon May 22 16:03:36 2006 [Compression] Deleted /System/Clients/21535 entry for client mucap_compress

Mon May 22 19:42:18 2006 [mucap_compress] [odb.c:1264:db_open_database] removing client Compression, pid 21611, index 0 because the pid no longer exists
Mon May 22 19:42:18 2006 [mucap_compress] Deleted /System/Clients/21611 entry for client Compression

Mon May 22 20:38:28 2006 [mucap_compress] [odb.c:1264:db_open_database] removing client mucap_compress, pid 26256, index 1 because the pid no longer exists
Mon May 22 20:38:28 2006 [mucap_compress] Deleted /System/Clients/26256 entry for client mucap_compress

Mon May 22 20:39:19 2006 [Compression] [odb.c:1264:db_open_database] removing client mucap_compress, pid 27422, index 0 because the pid no longer exists
Mon May 22 20:39:19 2006 [Compression] Deleted /System/Clients/27422 entry for client mucap_compress

Mon May 22 20:40:10 2006 [ODBEdit] [odb.c:1264:db_open_database] removing client Compression, pid 27431, index 1 because the pid no longer exists
Mon May 22 20:40:10 2006 [ODBEdit] Deleted /System/Clients/27431 entry for client Compression

Mon May 22 21:14:29 2006 [mucap_compress] [odb.c:1264:db_open_database] removing client mucap_compress, pid 28419, index 0 because the pid no longer exists
Mon May 22 21:14:29 2006 [mucap_compress] Deleted /System/Clients/28419 entry for client mucap_compress

Mon May 22 21:22:58 2006 [Compression] [odb.c:1264:db_open_database] removing client mucap_compress, pid 28452, index 1 because the pid no longer exists
Mon May 22 21:22:58 2006 [Compression] Deleted /System/Clients/28452 entry for client mucap_compress

Tue May 23 16:03:11 2006 [mucap_compress] [odb.c:1264:db_open_database] removing client Compression, pid 28527, index 0 because the pid no longer exists
Tue May 23 16:03:11 2006 [mucap_compress] Deleted /System/Clients/28527 entry for client Compression

Tue May 23 16:04:01 2006 [Compression] [odb.c:1264:db_open_database] removing client mucap_compress, pid 19492, index 1 because the pid no longer exists
Tue May 23 16:04:01 2006 [Compression] Deleted /System/Clients/19492 entry for client mucap_compress

Fri May 26 11:32:28 2006 [mucap_compress] [odb.c:1264:db_open_database] removing client mucap_compress, pid 4478, index 0 because the pid no longer exists
Fri May 26 11:32:28 2006 [mucap_compress] Deleted /System/Clients/4478 entry for client mucap_compress

Fri May 26 11:49:54 2006 [mucap_compress] [odb.c:1264:db_open_database] removing client mucap_compress, pid 4487, index 1 because the pid no longer exists
Fri May 26 11:49:54 2006 [mucap_compress] Deleted /System/Clients/4487 entry for client mucap_compress

Fri May 26 11:50:16 2006 [Compression] [odb.c:1264:db_open_database] removing client mucap_compress, pid 4649, index 0 because the pid no longer exists
Fri May 26 11:50:16 2006 [Compression] Deleted /System/Clients/4649 entry for client mucap_compress

Fri May 26 12:01:30 2006 [Compression] [odb.c:1264:db_open_database] removing client mucap_compress, pid 4770, index 0 because the pid no longer exists
Fri May 26 12:01:30 2006 [Compression] Deleted /System/Clients/4770 entry for client mucap_compress

Fri May 26 12:50:43 2006 [Compression] [odb.c:1264:db_open_database] removing client mucap_compress, pid 5859, index 0 because the pid no longer exists
Fri May 26 12:50:43 2006 [Compression] Deleted /System/Clients/5859 entry for client mucap_compress

Fri May 26 12:58:00 2006 [Compression] [odb.c:1264:db_open_database] removing client mucap_compress, pid 5962, index 0 because the pid no longer exists
Fri May 26 12:58:00 2006 [Compression] Deleted /System/Clients/5962 entry for client mucap_compress

Fri May 26 16:36:38 2006 [mucap_compress] [odb.c:1264:db_open_database] removing client mucap_compress, pid 10596, index 0 because the pid no longer exists
Fri May 26 16:36:38 2006 [mucap_compress] Deleted /System/Clients/10596 entry for client mucap_compress

Fri May 26 16:36:59 2006 [Compression] [odb.c:1264:db_open_database] removing client mucap_compress, pid 10691, index 1 because the pid no longer exists
Fri May 26 16:36:59 2006 [Compression] Deleted /System/Clients/10691 entry for client mucap_compress

Fri May 26 16:42:45 2006 [Compression] [odb.c:1264:db_open_database] removing client mucap_compress, pid 10763, index 0 because the pid no longer exists
Fri May 26 16:42:45 2006 [Compression] Deleted /System/Clients/10763 entry for client mucap_compress

Fri May 26 16:52:22 2006 [Compression] [odb.c:1264:db_open_database] removing client mucap_compress, pid 10879, index 0 because the pid no longer exists
Fri May 26 16:52:22 2006 [Compression] Deleted /System/Clients/10879 entry for client mucap_compress

Fri May 26 20:36:14 2006 [Compression] [odb.c:1264:db_open_database] removing client mucap_compress, pid 15570, index 0 because the pid no longer exists
Fri May 26 20:36:14 2006 [Compression] Deleted /System/Clients/15570 entry for client mucap_compress

Fri May 26 21:02:34 2006 [mucap_compress] [odb.c:1264:db_open_database] removing client Compression, pid 15925, index 0 because the pid no longer exists
Fri May 26 21:02:39 2006 [Compression] [odb.c:1264:db_open_database] removing client mucap_compress, pid 15935, index 1 because the pid no longer exists
Fri May 26 21:02:39 2006 [Compression] Deleted /System/Clients/15925 entry for client Compression

Fri May 26 21:06:34 2006 [mucap_compress] [odb.c:1264:db_open_database] removing client Compression, pid 15936, index 0 because the pid no longer exists
Fri May 26 21:06:34 2006 [mucap_compress] Deleted /System/Clients/15936 entry for client Compression

Fri May 26 21:06:48 2006 [Compression] [odb.c:1264:db_open_database] removing client mucap_compress, pid 16470, index 1 because the pid no longer exists
Fri May 26 21:06:48 2006 [Compression] Deleted /System/Clients/16470 entry for client mucap_compress

Fri May 26 21:15:33 2006 [mucap_compress] [odb.c:1264:db_open_database] removing client mucap_compress, pid 16721, index 0 because the pid no longer exists
Fri May 26 21:15:33 2006 [mucap_compress] Deleted /System/Clients/16721 entry for client mucap_compress

Fri May 26 21:15:39 2006 [Compression] [odb.c:1264:db_open_database] removing client mucap_compress, pid 16724, index 1 because the pid no longer exists
Fri May 26 21:15:39 2006 [Compression] Deleted /System/Clients/16724 entry for client mucap_compress

Fri May 26 21:22:17 2006 [Compression] [odb.c:1264:db_open_database] removing client mucap_compress, pid 16787, index 0 because the pid no longer exists
Fri May 26 21:22:17 2006 [Compression] Deleted /System/Clients/16787 entry for client mucap_compress

Fri May 26 21:39:43 2006 [Compression] [odb.c:1264:db_open_database] removing client mucap_compress, pid 16964, index 0 because the pid no longer exists
Fri May 26 21:39:43 2006 [Compression] Deleted /System/Clients/16964 entry for client mucap_compress

Fri May 26 21:42:50 2006 [Compression] [odb.c:1264:db_open_database] removing client mucap_compress, pid 17013, index 0 because the pid no longer exists
Fri May 26 21:42:50 2006 [Compression] Deleted /System/Clients/17013 entry for client mucap_compress

Fri May 26 21:47:12 2006 [mucap_compress] [odb.c:1264:db_open_database] removing client Compression, pid 17067, index 0 because the pid no longer exists
Fri May 26 21:47:12 2006 [mucap_compress] Deleted /System/Clients/17067 entry for client Compression

Fri May 26 21:47:17 2006 [Compression] [odb.c:1264:db_open_database] removing client mucap_compress, pid 17070, index 1 because the pid no longer exists
Fri May 26 21:47:17 2006 [Compression] Deleted /System/Clients/17070 entry for client mucap_compress

Fri May 26 21:48:04 2006 [Compression] [odb.c:1264:db_open_database] removing client mucap_compress, pid 17095, index 0 because the pid no longer exists
Fri May 26 21:48:04 2006 [Compression] Deleted /System/Clients/17095 entry for client mucap_compress

Fri May 26 22:00:15 2006 [mucap_compress] [odb.c:1264:db_open_database] removing client mucap_compress, pid 17213, index 0 because the pid no longer exists
Fri May 26 22:00:16 2006 [mucap_compress] Deleted /System/Clients/17213 entry for client mucap_compress

Fri May 26 23:41:14 2006 [mucap_compress] [odb.c:1264:db_open_database] removing client mucap_compress, pid 17254, index 1 because the pid no longer exists
Fri May 26 23:41:14 2006 [mucap_compress] Deleted /System/Clients/17254 entry for client mucap_compress

Fri May 26 23:41:39 2006 [mucap_compress] [odb.c:1264:db_open_database] removing client mucap_compress, pid 19534, index 0 because the pid no longer exists
Fri May 26 23:41:39 2006 [mucap_compress] Deleted /System/Clients/19534 entry for client mucap_compress

Sun Sep  2 05:33:21 2007 [ODBEdit] [odb.c:1264:db_open_database] removing client ODBEdit, pid 15212, index 0 because the pid no longer exists
Sun Sep  2 05:33:21 2007 [ODBEdit] Deleted /System/Clients/15212 entry for client ODBEdit

Sun Sep  2 05:38:10 2007 [Compression] [odb.c:1264:db_open_database] removing client mucap_compress, pid 15244, index 0 because the pid no longer exists
Sun Sep  2 05:38:10 2007 [Compression] Deleted /System/Clients/15244 entry for client mucap_compress

Sun Sep  2 05:40:01 2007 [Compression] [odb.c:1264:db_open_database] removing client Compression, pid 15246, index 1 because the pid no longer exists
Sun Sep  2 05:40:01 2007 [Compression] Deleted /System/Clients/15246 entry for client Compression

Sun Sep  2 05:40:18 2007 [Compression] [odb.c:1264:db_open_database] removing client Compression, pid 15254, index 0 because the pid no longer exists
Sun Sep  2 05:40:18 2007 [Compression] Deleted /System/Clients/15254 entry for client Compression

Sun Sep  2 06:15:02 2007 [Compression] [odb.c:1264:db_open_database] removing client Compression, pid 15259, index 1 because the pid no longer exists
Sun Sep  2 06:15:02 2007 [Compression] Deleted /System/Clients/15259 entry for client Compression

Sun Sep  2 06:15:42 2007 [Compression] [odb.c:1264:db_open_database] removing client Compression, pid 15413, index 0 because the pid no longer exists
Sun Sep  2 06:15:42 2007 [Compression] Deleted /System/Clients/15413 entry for client Compression

Sat Jan 10 12:09:40 2009 [Compression] [odb.c:1264:db_open_database] removing client mhttpd, pid 5786, index 0 because the pid no longer exists
Sat Jan 10 12:09:40 2009 [Compression] [odb.c:1264:db_open_database] removing client Ebuilder, pid 5821, index 1 because the pid no longer exists
Sat Jan 10 12:09:40 2009 [Compression] [odb.c:1264:db_open_database] removing client Logger, pid 5824, index 2 because the pid no longer exists
Sat Jan 10 12:09:40 2009 [Compression] [odb.c:1264:db_open_database] removing client Crate 9, pid 5829, index 3 because the pid no longer exists
Sat Jan 10 12:09:40 2009 [Compression] Deleted /System/Clients/5786 entry for client mhttpd

Sat Jan 10 12:09:40 2009 [Compression] Deleted /System/Clients/5824 entry for client Logger

Sat Jan 10 12:09:43 2009 [Compression] Deleted /System/Clients/5821 entry for client Ebuilder

Sat Jan 10 12:09:46 2009 [Compression] Deleted /System/Clients/5829 entry for client Crate 9

