This file contains any messages produced by compilers while
running configure, to aid debugging if configure makes a mistake.

It was created by CAENUpgrader configure 1.3.0, which was
generated by GNU Autoconf 2.65.  Invocation command line was

  $ ./configure 

## --------- ##
## Platform. ##
## --------- ##

hostname = abner
uname -m = i686
uname -r = 2.6.32-358.14.1.el6.i686
uname -s = Linux
uname -v = #1 SMP Tue Jul 16 14:24:04 CDT 2013

/usr/bin/uname -p = unknown
/bin/uname -X     = unknown

/bin/arch              = i686
/usr/bin/arch -k       = unknown
/usr/convex/getsysinfo = unknown
/usr/bin/hostinfo      = unknown
/bin/machine           = unknown
/usr/bin/oslevel       = unknown
/bin/universe          = unknown

PATH: /home/daq/AlcapDAQ/root/bin
PATH: /home/daq/AlcapDAQ/midas/linux/bin
PATH: /usr/lib/qt-3.3/bin
PATH: /usr/local/bin
PATH: /usr/bin
PATH: /bin
PATH: /usr/local/sbin
PATH: /usr/sbin
PATH: /sbin
PATH: /home/daq/bin
PATH: /home/daq/AlcapDAQ/midas/linux/bin


## ----------- ##
## Core tests. ##
## ----------- ##

configure:2266: checking for a BSD-compatible install
configure:2334: result: /usr/bin/install -c
configure:2345: checking whether build environment is sane
configure:2395: result: yes
configure:2536: checking for a thread-safe mkdir -p
configure:2575: result: /bin/mkdir -p
configure:2588: checking for gawk
configure:2604: found /usr/bin/gawk
configure:2615: result: gawk
configure:2626: checking whether make sets $(MAKE)
configure:2648: result: yes
configure:2869: creating ./config.status

## ---------------------- ##
## Running config.status. ##
## ---------------------- ##

This file was extended by CAENUpgrader config.status 1.3.0, which was
generated by GNU Autoconf 2.65.  Invocation command line was

  CONFIG_FILES    = 
  CONFIG_HEADERS  = 
  CONFIG_LINKS    = 
  CONFIG_COMMANDS = 
  $ ./config.status 

on abner

config.status:767: creating Makefile
config.status:767: creating cvUpgrade/Makefile
config.status:767: creating cvUpgrade/src/Makefile
config.status:767: creating CAENBridgeUpgrade/Makefile
config.status:767: creating CAENBridgeUpgrade/src/Makefile
config.status:767: creating CAENUpgraderGUI/Makefile
configure:3940: checking for gcc
configure:3956: found /usr/bin/gcc
configure:3967: result: gcc
configure:4196: checking for C compiler version
configure:4205: gcc --version >&5
gcc (GCC) 4.4.6 20110731 (Red Hat 4.4.6-3)
Copyright (C) 2010 Free Software Foundation, Inc.
This is free software; see the source for copying conditions.  There is NO
warranty; not even for MERCHANTABILITY or FITNESS FOR A PARTICULAR PURPOSE.

configure:4216: $? = 0
configure:4205: gcc -v >&5
Using built-in specs.
Target: i686-redhat-linux
Configured with: ../configure --prefix=/usr --mandir=/usr/share/man --infodir=/usr/share/info --with-bugurl=http://bugzilla.redhat.com/bugzilla --enable-bootstrap --enable-shared --enable-threads=posix --enable-checking=release --with-system-zlib --enable-__cxa_atexit --disable-libunwind-exceptions --enable-gnu-unique-object --enable-languages=c,c++,objc,obj-c++,java,fortran,ada --enable-java-awt=gtk --disable-dssi --with-java-home=/usr/lib/jvm/java-1.5.0-gcj-1.5.0.0/jre --enable-libgcj-multifile --enable-java-maintainer-mode --with-ecj-jar=/usr/share/java/eclipse-ecj.jar --disable-libjava-multilib --with-ppl --with-cloog --with-tune=generic --with-arch=i686 --build=i686-redhat-linux
Thread model: posix
gcc version 4.4.6 20110731 (Red Hat 4.4.6-3) (GCC) 
configure:4216: $? = 0
configure:4205: gcc -V >&5
gcc: '-V' option must have argument
configure:4216: $? = 1
configure:4205: gcc -qversion >&5
gcc: unrecognized option '-qversion'
gcc: no input files
configure:4216: $? = 1
configure:4236: checking whether the C compiler works
configure:4258: gcc    conftest.c  >&5
configure:4262: $? = 0
configure:4311: result: yes
configure:4314: checking for C compiler default output file name
configure:4316: result: a.out
configure:4322: checking for suffix of executables
configure:4329: gcc -o conftest    conftest.c  >&5
configure:4333: $? = 0
configure:4355: result: 
configure:4377: checking whether we are cross compiling
configure:4385: gcc -o conftest    conftest.c  >&5
configure:4389: $? = 0
configure:4396: ./conftest
configure:4400: $? = 0
configure:4415: result: no
configure:4420: checking for suffix of object files
configure:4442: gcc -c   conftest.c >&5
configure:4446: $? = 0
configure:4467: result: o
configure:4471: checking whether we are using the GNU C compiler
configure:4490: gcc -c   conftest.c >&5
configure:4490: $? = 0
configure:4499: result: yes
configure:4508: checking whether gcc accepts -g
configure:4528: gcc -c -g  conftest.c >&5
configure:4528: $? = 0
configure:4569: result: yes
configure:4586: checking for gcc option to accept ISO C89
configure:4650: gcc  -c -g -O2  conftest.c >&5
configure:4650: $? = 0
configure:4663: result: none needed
configure:4694: checking for style of include used by make
configure:4722: result: GNU
configure:4747: checking dependency style of gcc
configure:4857: result: gcc3
configure:4875: checking for CAENVME_Init in -lCAENVME
configure:4900: gcc -o conftest -g -O2   conftest.c -lCAENVME   >&5
configure:4900: $? = 0
configure:4909: result: yes
configure:4920: checking for CAENComm_OpenDevice in -lCAENComm
configure:4945: gcc -o conftest -g -O2   conftest.c -lCAENComm  -lCAENVME  >&5
/usr/bin/ld: cannot find -lCAENComm
collect2: ld returned 1 exit status
configure:4945: $? = 1
configure: failed program was:
| /* confdefs.h */
| #define PACKAGE_NAME "CAENUpgrader"
| #define PACKAGE_TARNAME "caenupgrader"
| #define PACKAGE_VERSION "1.3.0"
| #define PACKAGE_STRING "CAENUpgrader 1.3.0"
| #define PACKAGE_BUGREPORT ""
| #define PACKAGE_URL ""
| #define PACKAGE "CAENUpgrader"
| #define VERSION "1.3.0"
| #define HAVE_LIBCAENVME 1
| /* end confdefs.h.  */
| 
| /* Override any GCC internal prototype to avoid an error.
|    Use char because int might match the return type of a GCC
|    builtin and then its argument prototype would still apply.  */
| #ifdef __cplusplus
| extern "C"
| #endif
| char CAENComm_OpenDevice ();
| int
| main ()
| {
| return CAENComm_OpenDevice ();
|   ;
|   return 0;
| }
configure:4954: result: no
configure:4971: checking how to run the C preprocessor
configure:5002: gcc -E  conftest.c
configure:5002: $? = 0
configure:5016: gcc -E  conftest.c
conftest.c:12:28: error: ac_nonexistent.h: No such file or directory
configure:5016: $? = 1
configure: failed program was:
| /* confdefs.h */
| #define PACKAGE_NAME "CAENUpgrader"
| #define PACKAGE_TARNAME "caenupgrader"
| #define PACKAGE_VERSION "1.3.0"
| #define PACKAGE_STRING "CAENUpgrader 1.3.0"
| #define PACKAGE_BUGREPORT ""
| #define PACKAGE_URL ""
| #define PACKAGE "CAENUpgrader"
| #define VERSION "1.3.0"
| #define HAVE_LIBCAENVME 1
| /* end confdefs.h.  */
| #include <ac_nonexistent.h>
configure:5041: result: gcc -E
configure:5061: gcc -E  conftest.c
configure:5061: $? = 0
configure:5075: gcc -E  conftest.c
conftest.c:12:28: error: ac_nonexistent.h: No such file or directory
configure:5075: $? = 1
configure: failed program was:
| /* confdefs.h */
| #define PACKAGE_NAME "CAENUpgrader"
| #define PACKAGE_TARNAME "caenupgrader"
| #define PACKAGE_VERSION "1.3.0"
| #define PACKAGE_STRING "CAENUpgrader 1.3.0"
| #define PACKAGE_BUGREPORT ""
| #define PACKAGE_URL ""
| #define PACKAGE "CAENUpgrader"
| #define VERSION "1.3.0"
| #define HAVE_LIBCAENVME 1
| /* end confdefs.h.  */
| #include <ac_nonexistent.h>
configure:5104: checking for grep that handles long lines and -e
configure:5162: result: /bin/grep
configure:5167: checking for egrep
configure:5229: result: /bin/grep -E
configure:5234: checking for ANSI C header files
configure:5254: gcc -c -g -O2  conftest.c >&5
configure:5254: $? = 0
configure:5327: gcc -o conftest -g -O2   conftest.c -lCAENVME  >&5
configure:5327: $? = 0
configure:5327: ./conftest
configure:5327: $? = 0
configure:5338: result: yes
configure:5351: checking for sys/types.h
configure:5351: gcc -c -g -O2  conftest.c >&5
configure:5351: $? = 0
configure:5351: result: yes
configure:5351: checking for sys/stat.h
configure:5351: gcc -c -g -O2  conftest.c >&5
configure:5351: $? = 0
configure:5351: result: yes
configure:5351: checking for stdlib.h
configure:5351: gcc -c -g -O2  conftest.c >&5
configure:5351: $? = 0
configure:5351: result: yes
configure:5351: checking for string.h
configure:5351: gcc -c -g -O2  conftest.c >&5
configure:5351: $? = 0
configure:5351: result: yes
configure:5351: checking for memory.h
configure:5351: gcc -c -g -O2  conftest.c >&5
configure:5351: $? = 0
configure:5351: result: yes
configure:5351: checking for strings.h
configure:5351: gcc -c -g -O2  conftest.c >&5
configure:5351: $? = 0
configure:5351: result: yes
configure:5351: checking for inttypes.h
configure:5351: gcc -c -g -O2  conftest.c >&5
configure:5351: $? = 0
configure:5351: result: yes
configure:5351: checking for stdint.h
configure:5351: gcc -c -g -O2  conftest.c >&5
configure:5351: $? = 0
configure:5351: result: yes
configure:5351: checking for unistd.h
configure:5351: gcc -c -g -O2  conftest.c >&5
configure:5351: $? = 0
configure:5351: result: yes
configure:5367: checking for stdint.h
configure:5367: result: yes
configure:5367: checking for stdlib.h
configure:5367: result: yes
configure:5367: checking for string.h
configure:5367: result: yes
configure:5367: checking sys/time.h usability
configure:5367: gcc -c -g -O2  conftest.c >&5
configure:5367: $? = 0
configure:5367: result: yes
configure:5367: checking sys/time.h presence
configure:5367: gcc -E  conftest.c
configure:5367: $? = 0
configure:5367: result: yes
configure:5367: checking for sys/time.h
configure:5367: result: yes
configure:5367: checking sys/timeb.h usability
configure:5367: gcc -c -g -O2  conftest.c >&5
configure:5367: $? = 0
configure:5367: result: yes
configure:5367: checking sys/timeb.h presence
configure:5367: gcc -E  conftest.c
configure:5367: $? = 0
configure:5367: result: yes
configure:5367: checking for sys/timeb.h
configure:5367: result: yes
configure:5367: checking termios.h usability
configure:5367: gcc -c -g -O2  conftest.c >&5
configure:5367: $? = 0
configure:5367: result: yes
configure:5367: checking termios.h presence
configure:5367: gcc -E  conftest.c
configure:5367: $? = 0
configure:5367: result: yes
configure:5367: checking for termios.h
configure:5367: result: yes
configure:5367: checking for unistd.h
configure:5367: result: yes
configure:5380: checking for int16_t
configure:5380: gcc -c -g -O2  conftest.c >&5
configure:5380: $? = 0
configure:5380: gcc -c -g -O2  conftest.c >&5
conftest.c: In function 'main':
conftest.c:67: error: size of array 'test_array' is negative
configure:5380: $? = 1
configure: failed program was:
| /* confdefs.h */
| #define PACKAGE_NAME "CAENUpgrader"
| #define PACKAGE_TARNAME "caenupgrader"
| #define PACKAGE_VERSION "1.3.0"
| #define PACKAGE_STRING "CAENUpgrader 1.3.0"
| #define PACKAGE_BUGREPORT ""
| #define PACKAGE_URL ""
| #define PACKAGE "CAENUpgrader"
| #define VERSION "1.3.0"
| #define HAVE_LIBCAENVME 1
| #define STDC_HEADERS 1
| #define HAVE_SYS_TYPES_H 1
| #define HAVE_SYS_STAT_H 1
| #define HAVE_STDLIB_H 1
| #define HAVE_STRING_H 1
| #define HAVE_MEMORY_H 1
| #define HAVE_STRINGS_H 1
| #define HAVE_INTTYPES_H 1
| #define HAVE_STDINT_H 1
| #define HAVE_UNISTD_H 1
| #define HAVE_STDINT_H 1
| #define HAVE_STDLIB_H 1
| #define HAVE_STRING_H 1
| #define HAVE_SYS_TIME_H 1
| #define HAVE_SYS_TIMEB_H 1
| #define HAVE_TERMIOS_H 1
| #define HAVE_UNISTD_H 1
| /* end confdefs.h.  */
| #include <stdio.h>
| #ifdef HAVE_SYS_TYPES_H
| # include <sys/types.h>
| #endif
| #ifdef HAVE_SYS_STAT_H
| # include <sys/stat.h>
| #endif
| #ifdef STDC_HEADERS
| # include <stdlib.h>
| # include <stddef.h>
| #else
| # ifdef HAVE_STDLIB_H
| #  include <stdlib.h>
| # endif
| #endif
| #ifdef HAVE_STRING_H
| # if !defined STDC_HEADERS && defined HAVE_MEMORY_H
| #  include <memory.h>
| # endif
| # include <string.h>
| #endif
| #ifdef HAVE_STRINGS_H
| # include <strings.h>
| #endif
| #ifdef HAVE_INTTYPES_H
| # include <inttypes.h>
| #endif
| #ifdef HAVE_STDINT_H
| # include <stdint.h>
| #endif
| #ifdef HAVE_UNISTD_H
| # include <unistd.h>
| #endif
| 	        enum { N = 16 / 2 - 1 };
| int
| main ()
| {
| static int test_array [1 - 2 * !((int16_t) (((((int16_t) 1 << N) << N) - 1) * 2 + 1)
| 		 < (int16_t) (((((int16_t) 1 << N) << N) - 1) * 2 + 2))];
| test_array [0] = 0
| 
|   ;
|   return 0;
| }
configure:5380: result: yes
configure:5391: checking for int32_t
configure:5391: gcc -c -g -O2  conftest.c >&5
configure:5391: $? = 0
configure:5391: gcc -c -g -O2  conftest.c >&5
conftest.c: In function 'main':
conftest.c:67: warning: integer overflow in expression
conftest.c:67: error: size of array 'test_array' is negative
configure:5391: $? = 1
configure: failed program was:
| /* confdefs.h */
| #define PACKAGE_NAME "CAENUpgrader"
| #define PACKAGE_TARNAME "caenupgrader"
| #define PACKAGE_VERSION "1.3.0"
| #define PACKAGE_STRING "CAENUpgrader 1.3.0"
| #define PACKAGE_BUGREPORT ""
| #define PACKAGE_URL ""
| #define PACKAGE "CAENUpgrader"
| #define VERSION "1.3.0"
| #define HAVE_LIBCAENVME 1
| #define STDC_HEADERS 1
| #define HAVE_SYS_TYPES_H 1
| #define HAVE_SYS_STAT_H 1
| #define HAVE_STDLIB_H 1
| #define HAVE_STRING_H 1
| #define HAVE_MEMORY_H 1
| #define HAVE_STRINGS_H 1
| #define HAVE_INTTYPES_H 1
| #define HAVE_STDINT_H 1
| #define HAVE_UNISTD_H 1
| #define HAVE_STDINT_H 1
| #define HAVE_STDLIB_H 1
| #define HAVE_STRING_H 1
| #define HAVE_SYS_TIME_H 1
| #define HAVE_SYS_TIMEB_H 1
| #define HAVE_TERMIOS_H 1
| #define HAVE_UNISTD_H 1
| /* end confdefs.h.  */
| #include <stdio.h>
| #ifdef HAVE_SYS_TYPES_H
| # include <sys/types.h>
| #endif
| #ifdef HAVE_SYS_STAT_H
| # include <sys/stat.h>
| #endif
| #ifdef STDC_HEADERS
| # include <stdlib.h>
| # include <stddef.h>
| #else
| # ifdef HAVE_STDLIB_H
| #  include <stdlib.h>
| # endif
| #endif
| #ifdef HAVE_STRING_H
| # if !defined STDC_HEADERS && defined HAVE_MEMORY_H
| #  include <memory.h>
| # endif
| # include <string.h>
| #endif
| #ifdef HAVE_STRINGS_H
| # include <strings.h>
| #endif
| #ifdef HAVE_INTTYPES_H
| # include <inttypes.h>
| #endif
| #ifdef HAVE_STDINT_H
| # include <stdint.h>
| #endif
| #ifdef HAVE_UNISTD_H
| # include <unistd.h>
| #endif
| 	        enum { N = 32 / 2 - 1 };
| int
| main ()
| {
| static int test_array [1 - 2 * !((int32_t) (((((int32_t) 1 << N) << N) - 1) * 2 + 1)
| 		 < (int32_t) (((((int32_t) 1 << N) << N) - 1) * 2 + 2))];
| test_array [0] = 0
| 
|   ;
|   return 0;
| }
configure:5391: result: yes
configure:5402: checking for int8_t
configure:5402: gcc -c -g -O2  conftest.c >&5
configure:5402: $? = 0
configure:5402: gcc -c -g -O2  conftest.c >&5
conftest.c: In function 'main':
conftest.c:67: error: size of array 'test_array' is negative
configure:5402: $? = 1
configure: failed program was:
| /* confdefs.h */
| #define PACKAGE_NAME "CAENUpgrader"
| #define PACKAGE_TARNAME "caenupgrader"
| #define PACKAGE_VERSION "1.3.0"
| #define PACKAGE_STRING "CAENUpgrader 1.3.0"
| #define PACKAGE_BUGREPORT ""
| #define PACKAGE_URL ""
| #define PACKAGE "CAENUpgrader"
| #define VERSION "1.3.0"
| #define HAVE_LIBCAENVME 1
| #define STDC_HEADERS 1
| #define HAVE_SYS_TYPES_H 1
| #define HAVE_SYS_STAT_H 1
| #define HAVE_STDLIB_H 1
| #define HAVE_STRING_H 1
| #define HAVE_MEMORY_H 1
| #define HAVE_STRINGS_H 1
| #define HAVE_INTTYPES_H 1
| #define HAVE_STDINT_H 1
| #define HAVE_UNISTD_H 1
| #define HAVE_STDINT_H 1
| #define HAVE_STDLIB_H 1
| #define HAVE_STRING_H 1
| #define HAVE_SYS_TIME_H 1
| #define HAVE_SYS_TIMEB_H 1
| #define HAVE_TERMIOS_H 1
| #define HAVE_UNISTD_H 1
| /* end confdefs.h.  */
| #include <stdio.h>
| #ifdef HAVE_SYS_TYPES_H
| # include <sys/types.h>
| #endif
| #ifdef HAVE_SYS_STAT_H
| # include <sys/stat.h>
| #endif
| #ifdef STDC_HEADERS
| # include <stdlib.h>
| # include <stddef.h>
| #else
| # ifdef HAVE_STDLIB_H
| #  include <stdlib.h>
| # endif
| #endif
| #ifdef HAVE_STRING_H
| # if !defined STDC_HEADERS && defined HAVE_MEMORY_H
| #  include <memory.h>
| # endif
| # include <string.h>
| #endif
| #ifdef HAVE_STRINGS_H
| # include <strings.h>
| #endif
| #ifdef HAVE_INTTYPES_H
| # include <inttypes.h>
| #endif
| #ifdef HAVE_STDINT_H
| # include <stdint.h>
| #endif
| #ifdef HAVE_UNISTD_H
| # include <unistd.h>
| #endif
| 	        enum { N = 8 / 2 - 1 };
| int
| main ()
| {
| static int test_array [1 - 2 * !((int8_t) (((((int8_t) 1 << N) << N) - 1) * 2 + 1)
| 		 < (int8_t) (((((int8_t) 1 << N) << N) - 1) * 2 + 2))];
| test_array [0] = 0
| 
|   ;
|   return 0;
| }
configure:5402: result: yes
configure:5413: checking for uint16_t
configure:5413: gcc -c -g -O2  conftest.c >&5
configure:5413: $? = 0
configure:5413: result: yes
configure:5425: checking for uint32_t
configure:5425: gcc -c -g -O2  conftest.c >&5
configure:5425: $? = 0
configure:5425: result: yes
configure:5439: checking for uint64_t
configure:5439: gcc -c -g -O2  conftest.c >&5
configure:5439: $? = 0
configure:5439: result: yes
configure:5453: checking for uint8_t
configure:5453: gcc -c -g -O2  conftest.c >&5
configure:5453: $? = 0
configure:5453: result: yes
configure:5471: checking for stdlib.h
configure:5471: result: yes
configure:5481: checking for GNU libc compatible malloc
configure:5505: gcc -o conftest -g -O2   conftest.c -lCAENVME  >&5
configure:5505: $? = 0
configure:5505: ./conftest
configure:5505: $? = 0
configure:5515: result: yes
configure:5539: checking for atexit
configure:5539: gcc -o conftest -g -O2   conftest.c -lCAENVME  >&5
configure:5539: $? = 0
configure:5539: result: yes
configure:5539: checking for gettimeofday
configure:5539: gcc -o conftest -g -O2   conftest.c -lCAENVME  >&5
configure:5539: $? = 0
configure:5539: result: yes
configure:5539: checking for memset
configure:5539: gcc -o conftest -g -O2   conftest.c -lCAENVME  >&5
conftest.c:56: warning: conflicting types for built-in function 'memset'
configure:5539: $? = 0
configure:5539: result: yes
configure:5539: checking for pow
configure:5539: gcc -o conftest -g -O2   conftest.c -lCAENVME  >&5
conftest.c:57: warning: conflicting types for built-in function 'pow'
/tmp/ccLCtTxu.o: In function `main':
/home/daq/AlcapDAQ/CAEN/CAENUpgrader-1.4.1/conftest.c:68: undefined reference to `pow'
collect2: ld returned 1 exit status
configure:5539: $? = 1
configure: failed program was:
| /* confdefs.h */
| #define PACKAGE_NAME "CAENUpgrader"
| #define PACKAGE_TARNAME "caenupgrader"
| #define PACKAGE_VERSION "1.3.0"
| #define PACKAGE_STRING "CAENUpgrader 1.3.0"
| #define PACKAGE_BUGREPORT ""
| #define PACKAGE_URL ""
| #define PACKAGE "CAENUpgrader"
| #define VERSION "1.3.0"
| #define HAVE_LIBCAENVME 1
| #define STDC_HEADERS 1
| #define HAVE_SYS_TYPES_H 1
| #define HAVE_SYS_STAT_H 1
| #define HAVE_STDLIB_H 1
| #define HAVE_STRING_H 1
| #define HAVE_MEMORY_H 1
| #define HAVE_STRINGS_H 1
| #define HAVE_INTTYPES_H 1
| #define HAVE_STDINT_H 1
| #define HAVE_UNISTD_H 1
| #define HAVE_STDINT_H 1
| #define HAVE_STDLIB_H 1
| #define HAVE_STRING_H 1
| #define HAVE_SYS_TIME_H 1
| #define HAVE_SYS_TIMEB_H 1
| #define HAVE_TERMIOS_H 1
| #define HAVE_UNISTD_H 1
| #define HAVE_STDLIB_H 1
| #define HAVE_MALLOC 1
| #define HAVE_ATEXIT 1
| #define HAVE_GETTIMEOFDAY 1
| #define HAVE_MEMSET 1
| /* end confdefs.h.  */
| /* Define pow to an innocuous variant, in case <limits.h> declares pow.
|    For example, HP-UX 11i <limits.h> declares gettimeofday.  */
| #define pow innocuous_pow
| 
| /* System header to define __stub macros and hopefully few prototypes,
|     which can conflict with char pow (); below.
|     Prefer <limits.h> to <assert.h> if __STDC__ is defined, since
|     <limits.h> exists even on freestanding compilers.  */
| 
| #ifdef __STDC__
| # include <limits.h>
| #else
| # include <assert.h>
| #endif
| 
| #undef pow
| 
| /* Override any GCC internal prototype to avoid an error.
|    Use char because int might match the return type of a GCC
|    builtin and then its argument prototype would still apply.  */
| #ifdef __cplusplus
| extern "C"
| #endif
| char pow ();
| /* The GNU C library defines this for functions which it implements
|     to always fail with ENOSYS.  Some functions are actually named
|     something starting with __ and the normal name is an alias.  */
| #if defined __stub_pow || defined __stub___pow
| choke me
| #endif
| 
| int
| main ()
| {
| return pow ();
|   ;
|   return 0;
| }
configure:5539: result: no
configure:5539: checking for select
configure:5539: gcc -o conftest -g -O2   conftest.c -lCAENVME  >&5
configure:5539: $? = 0
configure:5539: result: yes
configure:5539: checking for sqrt
configure:5539: gcc -o conftest -g -O2   conftest.c -lCAENVME  >&5
conftest.c:58: warning: conflicting types for built-in function 'sqrt'
/tmp/cc1hRCKC.o: In function `main':
/home/daq/AlcapDAQ/CAEN/CAENUpgrader-1.4.1/conftest.c:69: undefined reference to `sqrt'
collect2: ld returned 1 exit status
configure:5539: $? = 1
configure: failed program was:
| /* confdefs.h */
| #define PACKAGE_NAME "CAENUpgrader"
| #define PACKAGE_TARNAME "caenupgrader"
| #define PACKAGE_VERSION "1.3.0"
| #define PACKAGE_STRING "CAENUpgrader 1.3.0"
| #define PACKAGE_BUGREPORT ""
| #define PACKAGE_URL ""
| #define PACKAGE "CAENUpgrader"
| #define VERSION "1.3.0"
| #define HAVE_LIBCAENVME 1
| #define STDC_HEADERS 1
| #define HAVE_SYS_TYPES_H 1
| #define HAVE_SYS_STAT_H 1
| #define HAVE_STDLIB_H 1
| #define HAVE_STRING_H 1
| #define HAVE_MEMORY_H 1
| #define HAVE_STRINGS_H 1
| #define HAVE_INTTYPES_H 1
| #define HAVE_STDINT_H 1
| #define HAVE_UNISTD_H 1
| #define HAVE_STDINT_H 1
| #define HAVE_STDLIB_H 1
| #define HAVE_STRING_H 1
| #define HAVE_SYS_TIME_H 1
| #define HAVE_SYS_TIMEB_H 1
| #define HAVE_TERMIOS_H 1
| #define HAVE_UNISTD_H 1
| #define HAVE_STDLIB_H 1
| #define HAVE_MALLOC 1
| #define HAVE_ATEXIT 1
| #define HAVE_GETTIMEOFDAY 1
| #define HAVE_MEMSET 1
| #define HAVE_SELECT 1
| /* end confdefs.h.  */
| /* Define sqrt to an innocuous variant, in case <limits.h> declares sqrt.
|    For example, HP-UX 11i <limits.h> declares gettimeofday.  */
| #define sqrt innocuous_sqrt
| 
| /* System header to define __stub macros and hopefully few prototypes,
|     which can conflict with char sqrt (); below.
|     Prefer <limits.h> to <assert.h> if __STDC__ is defined, since
|     <limits.h> exists even on freestanding compilers.  */
| 
| #ifdef __STDC__
| # include <limits.h>
| #else
| # include <assert.h>
| #endif
| 
| #undef sqrt
| 
| /* Override any GCC internal prototype to avoid an error.
|    Use char because int might match the return type of a GCC
|    builtin and then its argument prototype would still apply.  */
| #ifdef __cplusplus
| extern "C"
| #endif
| char sqrt ();
| /* The GNU C library defines this for functions which it implements
|     to always fail with ENOSYS.  Some functions are actually named
|     something starting with __ and the normal name is an alias.  */
| #if defined __stub_sqrt || defined __stub___sqrt
| choke me
| #endif
| 
| int
| main ()
| {
| return sqrt ();
|   ;
|   return 0;
| }
configure:5539: result: no
configure:5668: creating ./config.status

## ---------------------- ##
## Running config.status. ##
## ---------------------- ##

This file was extended by CAENUpgrader config.status 1.3.0, which was
generated by GNU Autoconf 2.65.  Invocation command line was

  CONFIG_FILES    = 
  CONFIG_HEADERS  = 
  CONFIG_LINKS    = 
  CONFIG_COMMANDS = 
  $ ./config.status 

on abner

config.status:869: creating Makefile
config.status:869: creating cvUpgrade/Makefile
config.status:869: creating cvUpgrade/src/Makefile
config.status:869: creating CAENBridgeUpgrade/Makefile
config.status:869: creating CAENBridgeUpgrade/src/Makefile
config.status:869: creating CAENUpgraderGUI/Makefile
config.status:869: creating config.h
config.status:1089: executing depfiles commands

## ---------------- ##
## Cache variables. ##
## ---------------- ##

ac_cv_c_compiler_gnu=yes
ac_cv_c_int16_t=yes
ac_cv_c_int32_t=yes
ac_cv_c_int8_t=yes
ac_cv_c_uint16_t=yes
ac_cv_c_uint32_t=yes
ac_cv_c_uint64_t=yes
ac_cv_c_uint8_t=yes
ac_cv_env_CC_set=
ac_cv_env_CC_value=
ac_cv_env_CFLAGS_set=
ac_cv_env_CFLAGS_value=
ac_cv_env_CPPFLAGS_set=
ac_cv_env_CPPFLAGS_value=
ac_cv_env_CPP_set=
ac_cv_env_CPP_value=
ac_cv_env_LDFLAGS_set=
ac_cv_env_LDFLAGS_value=
ac_cv_env_LIBS_set=
ac_cv_env_LIBS_value=
ac_cv_env_build_alias_set=
ac_cv_env_build_alias_value=
ac_cv_env_host_alias_set=
ac_cv_env_host_alias_value=
ac_cv_env_target_alias_set=
ac_cv_env_target_alias_value=
ac_cv_func_atexit=yes
ac_cv_func_gettimeofday=yes
ac_cv_func_malloc_0_nonnull=yes
ac_cv_func_memset=yes
ac_cv_func_pow=no
ac_cv_func_select=yes
ac_cv_func_sqrt=no
ac_cv_header_inttypes_h=yes
ac_cv_header_memory_h=yes
ac_cv_header_stdc=yes
ac_cv_header_stdint_h=yes
ac_cv_header_stdlib_h=yes
ac_cv_header_string_h=yes
ac_cv_header_strings_h=yes
ac_cv_header_sys_stat_h=yes
ac_cv_header_sys_time_h=yes
ac_cv_header_sys_timeb_h=yes
ac_cv_header_sys_types_h=yes
ac_cv_header_termios_h=yes
ac_cv_header_unistd_h=yes
ac_cv_lib_CAENComm_CAENComm_OpenDevice=no
ac_cv_lib_CAENVME_CAENVME_Init=yes
ac_cv_objext=o
ac_cv_path_EGREP='/bin/grep -E'
ac_cv_path_GREP=/bin/grep
ac_cv_path_install='/usr/bin/install -c'
ac_cv_path_mkdir=/bin/mkdir
ac_cv_prog_AWK=gawk
ac_cv_prog_CPP='gcc -E'
ac_cv_prog_ac_ct_CC=gcc
ac_cv_prog_cc_c89=
ac_cv_prog_cc_g=yes
ac_cv_prog_make_make_set=yes
am_cv_CC_dependencies_compiler_type=gcc3

## ----------------- ##
## Output variables. ##
## ----------------- ##

ACLOCAL='${SHELL} /home/daq/AlcapDAQ/CAEN/CAENUpgrader-1.4.1/missing --run aclocal-1.11'
AMDEPBACKSLASH='\'
AMDEP_FALSE='#'
AMDEP_TRUE=''
AMTAR='${SHELL} /home/daq/AlcapDAQ/CAEN/CAENUpgrader-1.4.1/missing --run tar'
AUTOCONF='${SHELL} /home/daq/AlcapDAQ/CAEN/CAENUpgrader-1.4.1/missing --run autoconf'
AUTOHEADER='${SHELL} /home/daq/AlcapDAQ/CAEN/CAENUpgrader-1.4.1/missing --run autoheader'
AUTOMAKE='${SHELL} /home/daq/AlcapDAQ/CAEN/CAENUpgrader-1.4.1/missing --run automake-1.11'
AWK='gawk'
CC='gcc'
CCDEPMODE='depmode=gcc3'
CFLAGS='-g -O2'
CPP='gcc -E'
CPPFLAGS=''
CYGPATH_W='echo'
DEFS='-DHAVE_CONFIG_H'
DEPDIR='.deps'
ECHO_C=''
ECHO_N='-n'
ECHO_T=''
EGREP='/bin/grep -E'
EXEEXT=''
GREP='/bin/grep'
INSTALL_DATA='${INSTALL} -m 644'
INSTALL_PROGRAM='${INSTALL}'
INSTALL_SCRIPT='${INSTALL}'
INSTALL_STRIP_PROGRAM='$(install_sh) -c -s'
LDFLAGS=''
LIBOBJS=''
LIBS='-lCAENVME '
LTLIBOBJS=''
MAKEINFO='${SHELL} /home/daq/AlcapDAQ/CAEN/CAENUpgrader-1.4.1/missing --run makeinfo'
MKDIR_P='/bin/mkdir -p'
OBJEXT='o'
PACKAGE='CAENUpgrader'
PACKAGE_BUGREPORT=''
PACKAGE_NAME='CAENUpgrader'
PACKAGE_STRING='CAENUpgrader 1.3.0'
PACKAGE_TARNAME='caenupgrader'
PACKAGE_URL=''
PACKAGE_VERSION='1.3.0'
PATH_SEPARATOR=':'
SET_MAKE=''
SHELL='/bin/sh'
STRIP=''
VERSION='1.3.0'
ac_ct_CC='gcc'
am__EXEEXT_FALSE=''
am__EXEEXT_TRUE='#'
am__fastdepCC_FALSE='#'
am__fastdepCC_TRUE=''
am__include='include'
am__isrc=''
am__leading_dot='.'
am__quote=''
am__tar='${AMTAR} chof - "$$tardir"'
am__untar='${AMTAR} xf -'
bindir='${exec_prefix}/bin'
build_alias=''
datadir='${datarootdir}'
datarootdir='${prefix}/share'
docdir='${datarootdir}/doc/${PACKAGE_TARNAME}'
dvidir='${docdir}'
exec_prefix='${prefix}'
host_alias=''
htmldir='${docdir}'
includedir='${prefix}/include'
infodir='${datarootdir}/info'
install_sh='${SHELL} /home/daq/AlcapDAQ/CAEN/CAENUpgrader-1.4.1/install-sh'
libdir='${exec_prefix}/lib'
libexecdir='${exec_prefix}/libexec'
localedir='${datarootdir}/locale'
localstatedir='${prefix}/var'
mandir='${datarootdir}/man'
mkdir_p='/bin/mkdir -p'
oldincludedir='/usr/include'
pdfdir='${docdir}'
prefix='/usr/local'
program_transform_name='s,x,x,'
psdir='${docdir}'
sbindir='${exec_prefix}/sbin'
sharedstatedir='${prefix}/com'
sysconfdir='${prefix}/etc'
target_alias=''

## ----------- ##
## confdefs.h. ##
## ----------- ##

/* confdefs.h */
#define PACKAGE_NAME "CAENUpgrader"
#define PACKAGE_TARNAME "caenupgrader"
#define PACKAGE_VERSION "1.3.0"
#define PACKAGE_STRING "CAENUpgrader 1.3.0"
#define PACKAGE_BUGREPORT ""
#define PACKAGE_URL ""
#define PACKAGE "CAENUpgrader"
#define VERSION "1.3.0"
#define HAVE_LIBCAENVME 1
#define STDC_HEADERS 1
#define HAVE_SYS_TYPES_H 1
#define HAVE_SYS_STAT_H 1
#define HAVE_STDLIB_H 1
#define HAVE_STRING_H 1
#define HAVE_MEMORY_H 1
#define HAVE_STRINGS_H 1
#define HAVE_INTTYPES_H 1
#define HAVE_STDINT_H 1
#define HAVE_UNISTD_H 1
#define HAVE_STDINT_H 1
#define HAVE_STDLIB_H 1
#define HAVE_STRING_H 1
#define HAVE_SYS_TIME_H 1
#define HAVE_SYS_TIMEB_H 1
#define HAVE_TERMIOS_H 1
#define HAVE_UNISTD_H 1
#define HAVE_STDLIB_H 1
#define HAVE_MALLOC 1
#define HAVE_ATEXIT 1
#define HAVE_GETTIMEOFDAY 1
#define HAVE_MEMSET 1
#define HAVE_SELECT 1

configure: exit 0
